<?xml version="1.0" encoding="UTF-8"?>
<testsuite xmlns:xsi="http://www.w3.org/2001/XMLSchema-instance" xsi:noNamespaceSchemaLocation="https://maven.apache.org/surefire/maven-surefire-plugin/xsd/surefire-test-report-3.0.xsd" version="3.0" name="PedidoTest" time="0.1" tests="10" errors="0" skipped="0" failures="0">
  <properties>
[...]
</properties>
  <testcase name="testAgregarProductoDuplicadoPorSku" classname="PedidoTest" time="0.012"/>
  <testcase name="testAgregarProductoCorrecto" classname="PedidoTest" time="0.011"/>
  <testcase name="testValidarStockCantidadCero" classname="PedidoTest" time="0.006">
    <system-err><![CDATA[Error: La cantidad a agregar debe ser positiva
]]></system-err>
  </testcase>
  <testcase name="testAgregarProductoPreservaAtributos" classname="PedidoTest" time="0.006"/>
  <testcase name="testAgregarProductoInactivo" classname="PedidoTest" time="0.007">
    <system-err><![CDATA[Error: No se puede agregar un producto inactivo
]]></system-err>
  </testcase>
  <testcase name="testValidarStockCantidadNegativa" classname="PedidoTest" time="0.008"/>
  <testcase name="testAgregarProductoCantidadNoValida" classname="PedidoTest" time="0.003">
    <system-err><![CDATA[Error: La cantidad a agregar debe ser positiva
Error: La cantidad a agregar debe ser positiva
]]></system-err>
  </testcase>
  <testcase name="testValidarStockTodasValidas" classname="PedidoTest" time="0.002"/>
  <testcase name="testValidarStockValoresLimite" classname="PedidoTest" time="0.002"/>
  <testcase name="testValidarStockListaVacia" classname="PedidoTest" time="0.001"/>
</testsuite>